#
# A fatal error has been detected by the Java Runtime Environment:
#
#  EXCEPTION_ACCESS_VIOLATION (0xc0000005) at pc=0x00007ff83ffb5dc2, pid=25100, tid=53224
#
# JRE version: OpenJDK Runtime Environment (11.0.7+10) (build 11.0.7+10-b765.65)
# Java VM: OpenJDK 64-Bit Server VM (11.0.7+10-b765.65, mixed mode, tiered, compressed oops, g1 gc, windows-amd64)
# Problematic frame:
# V  [jvm.dll+0x6f5dc2]
#
# No core dump will be written. Minidumps are not enabled by default on client versions of Windows
#
# If you would like to submit a bug report, please visit:
#   http://bugreport.java.com/bugreport/crash.jsp
#

---------------  S U M M A R Y ------------

Command Line: -javaagent:C:\Program Files\JetBrains\IntelliJ IDEA 2019.2.3\lib\idea_rt.jar=64314:C:\Program Files\JetBrains\IntelliJ IDEA 2019.2.3\bin -Dfile.encoding=UTF-8 Main

Host: AMD Ryzen 5 3600 6-Core Processor              , 12 cores, 31G,  Windows 10 , 64 bit Build 19041 (10.0.19041.541)
Time: Wed Oct  7 05:49:31 2020 China Standard Time elapsed time: 0 seconds (0d 0h 0m 0s)

---------------  T H R E A D  ---------------

Current thread (0x0000028892dac800):  JavaThread "main" [_thread_in_vm, id=53224, stack(0x000000d585000000,0x000000d585100000)]

Stack: [0x000000d585000000,0x000000d585100000],  sp=0x000000d5850ff140,  free space=1020k
Native frames: (J=compiled Java code, j=interpreted, Vv=VM code, C=native code)
V  [jvm.dll+0x6f5dc2]
C  0x0000028896eaf0b7

Java frames: (J=compiled Java code, j=interpreted, Vv=VM code)
j  jdk.internal.misc.Unsafe.getLong(Ljava/lang/Object;J)J+0 java.base@11.0.7
j  jdk.internal.misc.Unsafe.getAddress(Ljava/lang/Object;J)J+20 java.base@11.0.7
j  jdk.internal.misc.Unsafe.getAddress(J)J+3 java.base@11.0.7
j  sun.misc.Unsafe.getAddress(J)J+4 jdk.unsupported@11.0.7
j  Main.main([Ljava/lang/String;)V+81
v  ~StubRoutines::call_stub

siginfo: EXCEPTION_ACCESS_VIOLATION (0xc0000005), reading address 0x000000001d251891


Register to memory mapping:

RIP=0x00007ff83ffb5dc2 jvm.dll
RAX=0x0 is NULL
RBX=0x0000028892dac800 is a thread
RCX=0x0000028891541000 points into unknown readable memory: 00 00 00 00 00 00 00 00
RDX=0x0000000000000006 is an unknown value
RSP=0x000000d5850ff140 is pointing into the stack for thread: 0x0000028892dac800
RBP=0x000000001d251891 is an unknown value
RSI=0x0000000000000150 is an unknown value
RDI=0x0 is NULL
R8 =0x0 is NULL
R9 =0x000000001d251891 is an unknown value
R10=0x0000028896eaf088 is at code_begin+1000 in an Interpreter codelet
method entry point (kind = native)  [0x0000028896eaeca0, 0x0000028896eaf800]  2912 bytes
R11=0x0000000000000101 is an unknown value
R12=0x0 is NULL
R13=0x00000288bc920ba0 is pointing into metadata
R14=0x000000d5850ff230 is pointing into the stack for thread: 0x0000028892dac800
R15=0x0000028892dac800 is a thread


Registers:
RAX=0x0000000000000000, RBX=0x0000028892dac800, RCX=0x0000028891541000, RDX=0x0000000000000006
RSP=0x000000d5850ff140, RBP=0x000000001d251891, RSI=0x0000000000000150, RDI=0x0000000000000000
R8 =0x0000000000000000, R9 =0x000000001d251891, R10=0x0000028896eaf088, R11=0x0000000000000101
R12=0x0000000000000000, R13=0x00000288bc920ba0, R14=0x000000d5850ff230, R15=0x0000028892dac800
RIP=0x00007ff83ffb5dc2, EFLAGS=0x0000000000010246

Top of Stack: (sp=0x000000d5850ff140)
0x000000d5850ff140:   0000028892dac908 0000028892dac800
0x000000d5850ff150:   00000288bc921070 00007ff83fe58a99
0x000000d5850ff160:   0000000000000150 0000028896eaf0b7
0x000000d5850ff170:   0000028892dacbd0 00000288bc920ba8
0x000000d5850ff180:   000000d5850ff1f8 0000000000000150
0x000000d5850ff190:   0000028892d97760 00007ff83fe52ad7
0x000000d5850ff1a0:   0000028891381270 00007ff83fa374c7
0x000000d5850ff1b0:   000000d5850ff1b0 0000000000000000
0x000000d5850ff1c0:   000000d5850ff230 00000288bc9722d0
0x000000d5850ff1d0:   0000000000000000 0000000620e03698
0x000000d5850ff1e0:   00000288bc920ba8 0000000000000000
0x000000d5850ff1f0:   000000d5850ff218 000000d5850ff280
0x000000d5850ff200:   0000028896ea9950 0000000000000000
0x000000d5850ff210:   0000028896eabff7 000000001d251891
0x000000d5850ff220:   0000000000000000 0000000000000000
0x000000d5850ff230:   0000000620e08098 000000d5850ff238 

Instructions: (pc=0x00007ff83ffb5dc2)
0x00007ff83ffb5cc2:   dc 03 00 00 01 89 06 c6 83 dc 03 00 00 00 48 8b
0x00007ff83ffb5cd2:   bb f0 00 00 00 48 8b 47 10 48 8b 77 08 48 83 38
0x00007ff83ffb5ce2:   00 74 15 48 8b 57 28 48 8b ce e8 3f 36 9c ff 48
0x00007ff83ffb5cf2:   8b 4f 10 e8 e6 34 9c ff 48 8b 47 10 ba 06 00 00
0x00007ff83ffb5d02:   00 48 89 46 10 48 8b cb 48 8b 47 18 48 89 46 18
0x00007ff83ffb5d12:   48 8b 47 20 44 8d 42 fe 48 89 46 20 48 8b 5c 24
0x00007ff83ffb5d22:   38 48 8b 74 24 40 48 83 c4 20 5f e9 1e 5b a0 ff
0x00007ff83ffb5d32:   cc cc cc cc cc cc cc cc cc cc cc cc cc cc 48 89
0x00007ff83ffb5d42:   5c 24 10 48 89 6c 24 18 48 89 74 24 20 57 48 83
0x00007ff83ffb5d52:   ec 20 48 8d 99 c0 fc ff ff 49 8b e9 48 8d 83 d0
0x00007ff83ffb5d62:   03 00 00 49 8b f8 48 89 44 24 30 8b 00 05 55 21
0x00007ff83ffb5d72:   ff ff 83 f8 01 76 0a 48 8b cb e8 bf d1 fd ff 33
0x00007ff83ffb5d82:   db ba 06 00 00 00 48 8b cb e8 f0 ba a3 ff 48 85
0x00007ff83ffb5d92:   ff 74 26 40 f6 c7 01 74 0c 48 8d 4f ff ff 15 b3
0x00007ff83ffb5da2:   7f 28 00 eb 09 48 8b cf ff 15 a0 7f 28 00 48 85
0x00007ff83ffb5db2:   c0 74 06 48 8b 2c 28 eb 12 c6 83 dc 03 00 00 01
0x00007ff83ffb5dc2:   48 8b 6d 00 c6 83 dc 03 00 00 00 48 8b bb f0 00
0x00007ff83ffb5dd2:   00 00 48 8b 47 10 48 8b 77 08 48 83 38 00 74 15
0x00007ff83ffb5de2:   48 8b 57 28 48 8b ce e8 42 35 9c ff 48 8b 4f 10
0x00007ff83ffb5df2:   e8 e9 33 9c ff 4c 8b 47 10 ba 06 00 00 00 4c 89
0x00007ff83ffb5e02:   46 10 48 8b cb 4c 8b 47 18 4c 89 46 18 4c 8b 47
0x00007ff83ffb5e12:   20 4c 89 46 20 44 8d 42 fe e8 30 5a a0 ff 48 8b
0x00007ff83ffb5e22:   5c 24 38 48 8b c5 48 8b 6c 24 40 48 8b 74 24 48
0x00007ff83ffb5e32:   48 83 c4 20 5f c3 cc cc cc cc cc cc cc cc 48 89
0x00007ff83ffb5e42:   5c 24 08 48 89 6c 24 10 48 89 74 24 18 57 48 83
0x00007ff83ffb5e52:   ec 20 8b 81 90 00 00 00 48 8d b9 c0 fc ff ff 05
0x00007ff83ffb5e62:   55 21 ff ff 49 8b f1 49 8b d8 83 f8 01 76 0a 48
0x00007ff83ffb5e72:   8b cf e8 c7 d0 fd ff 33 ff ba 06 00 00 00 48 8b
0x00007ff83ffb5e82:   cf e8 f8 b9 a3 ff 48 85 db 74 26 f6 c3 01 74 0c
0x00007ff83ffb5e92:   48 8d 4b ff ff 15 bc 7e 28 00 eb 09 48 8b cb ff
0x00007ff83ffb5ea2:   15 a9 7e 28 00 48 8d 14 30 48 8b c8 48 85 c0 75
0x00007ff83ffb5eb2:   03 48 8b d6 4c 8b 44 24 50 48 8b 4c 24 58 48 8b 


Stack slot to memory mapping:
stack at sp + 0 slots: 0x0000028892dac908 points into unknown readable memory: 00 10 54 91 88 02 00 00
stack at sp + 1 slots: 0x0000028892dac800 is a thread
stack at sp + 2 slots: {method} {0x00000288bc921078} 'getAddress' '(Ljava/lang/Object;J)J' in 'jdk/internal/misc/Unsafe'
stack at sp + 3 slots: 0x00007ff83fe58a99 jvm.dll
stack at sp + 4 slots: 0x0000000000000150 is an unknown value
stack at sp + 5 slots: 0x0000028896eaf0b7 is at code_begin+1047 in an Interpreter codelet
method entry point (kind = native)  [0x0000028896eaeca0, 0x0000028896eaf800]  2912 bytes
stack at sp + 6 slots: 0x0000028892dacbd0 points into unknown readable memory: ab de 00 00 00 00 00 00
stack at sp + 7 slots: {method} {0x00000288bc920bb0} 'getLong' '(Ljava/lang/Object;J)J' in 'jdk/internal/misc/Unsafe'


---------------  P R O C E S S  ---------------

Threads class SMR info:
_java_thread_list=0x00000288bd6ffe00, length=12, elements={
0x0000028892dac800, 0x00000288bd1b1000, 0x00000288bd1b2800, 0x00000288bd209000,
0x00000288bd20a800, 0x00000288bd20e800, 0x00000288bd213800, 0x00000288bd214800,
0x00000288bd36e000, 0x00000288bd3d8800, 0x00000288bd702800, 0x00000288bd704800
}

Java Threads: ( => current thread )
=>0x0000028892dac800 JavaThread "main" [_thread_in_vm, id=53224, stack(0x000000d585000000,0x000000d585100000)]
  0x00000288bd1b1000 JavaThread "Reference Handler" daemon [_thread_blocked, id=44240, stack(0x000000d585700000,0x000000d585800000)]
  0x00000288bd1b2800 JavaThread "Finalizer" daemon [_thread_blocked, id=52620, stack(0x000000d585800000,0x000000d585900000)]
  0x00000288bd209000 JavaThread "Signal Dispatcher" daemon [_thread_blocked, id=50012, stack(0x000000d585900000,0x000000d585a00000)]
  0x00000288bd20a800 JavaThread "Attach Listener" daemon [_thread_blocked, id=48508, stack(0x000000d585a00000,0x000000d585b00000)]
  0x00000288bd20e800 JavaThread "C2 CompilerThread0" daemon [_thread_blocked, id=50876, stack(0x000000d585b00000,0x000000d585c00000)]
  0x00000288bd213800 JavaThread "C1 CompilerThread0" daemon [_thread_blocked, id=41644, stack(0x000000d585c00000,0x000000d585d00000)]
  0x00000288bd214800 JavaThread "Sweeper thread" daemon [_thread_blocked, id=49732, stack(0x000000d585d00000,0x000000d585e00000)]
  0x00000288bd36e000 JavaThread "Common-Cleaner" daemon [_thread_blocked, id=49424, stack(0x000000d585e00000,0x000000d585f00000)]
  0x00000288bd3d8800 JavaThread "C2 CompilerThread1" daemon [_thread_blocked, id=51424, stack(0x000000d585f00000,0x000000d586000000)]
  0x00000288bd702800 JavaThread "Monitor Ctrl-Break" daemon [_thread_in_native, id=48084, stack(0x000000d586000000,0x000000d586100000)]
  0x00000288bd704800 JavaThread "Service Thread" daemon [_thread_blocked, id=52348, stack(0x000000d586100000,0x000000d586200000)]

Other Threads:
  0x00000288bd18c800 VMThread "VM Thread" [stack: 0x000000d585600000,0x000000d585700000] [id=50056]
  0x00000288bd466000 WatcherThread [stack: 0x000000d586200000,0x000000d586300000] [id=51660]
  0x0000028892dc7000 GCTaskThread "GC Thread#0" [stack: 0x000000d585100000,0x000000d585200000] [id=19424]
  0x0000028892e47000 ConcurrentGCThread "G1 Main Marker" [stack: 0x000000d585200000,0x000000d585300000] [id=10796]
  0x0000028892e48800 ConcurrentGCThread "G1 Conc#0" [stack: 0x000000d585300000,0x000000d585400000] [id=52712]
  0x00000288bc7eb800 ConcurrentGCThread "G1 Refine#0" [stack: 0x000000d585400000,0x000000d585500000] [id=51908]
  0x00000288bc7ec800 ConcurrentGCThread "G1 Young RemSet Sampling" [stack: 0x000000d585500000,0x000000d585600000] [id=42880]

Threads with active compile tasks:

VM state:not at safepoint (normal execution)

VM Mutex/Monitor currently owned by a thread: None

Heap address: 0x0000000601000000, size: 8176 MB, Compressed Oops mode: Zero based, Oop shift amount: 3
Narrow klass base: 0x0000000800000000, Narrow klass shift: 0
Compressed class space size: 1073741824 Address: 0x0000000800000000

Heap:
 garbage-first heap   total 524288K, used 2048K [0x0000000601000000, 0x0000000800000000)
  region size 2048K, 2 young (4096K), 0 survivors (0K)
 Metaspace       used 6476K, capacity 6594K, committed 6784K, reserved 1056768K
  class space    used 566K, capacity 603K, committed 640K, reserved 1048576K
Heap Regions: E=young(eden), S=young(survivor), O=old, HS=humongous(starts), HC=humongous(continues), CS=collection set, F=free, A=archive, TAMS=top-at-mark-start (previous, next)
|   0|0x0000000601000000, 0x0000000601000000, 0x0000000601200000|  0%| F|  |TAMS 0x0000000601000000, 0x0000000601000000| Untracked 
|   1|0x0000000601200000, 0x0000000601200000, 0x0000000601400000|  0%| F|  |TAMS 0x0000000601200000, 0x0000000601200000| Untracked 
|   2|0x0000000601400000, 0x0000000601400000, 0x0000000601600000|  0%| F|  |TAMS 0x0000000601400000, 0x0000000601400000| Untracked 
|   3|0x0000000601600000, 0x0000000601600000, 0x0000000601800000|  0%| F|  |TAMS 0x0000000601600000, 0x0000000601600000| Untracked 
|   4|0x0000000601800000, 0x0000000601800000, 0x0000000601a00000|  0%| F|  |TAMS 0x0000000601800000, 0x0000000601800000| Untracked 
|   5|0x0000000601a00000, 0x0000000601a00000, 0x0000000601c00000|  0%| F|  |TAMS 0x0000000601a00000, 0x0000000601a00000| Untracked 
|   6|0x0000000601c00000, 0x0000000601c00000, 0x0000000601e00000|  0%| F|  |TAMS 0x0000000601c00000, 0x0000000601c00000| Untracked 
|   7|0x0000000601e00000, 0x0000000601e00000, 0x0000000602000000|  0%| F|  |TAMS 0x0000000601e00000, 0x0000000601e00000| Untracked 
|   8|0x0000000602000000, 0x0000000602000000, 0x0000000602200000|  0%| F|  |TAMS 0x0000000602000000, 0x0000000602000000| Untracked 
|   9|0x0000000602200000, 0x0000000602200000, 0x0000000602400000|  0%| F|  |TAMS 0x0000000602200000, 0x0000000602200000| Untracked 
|  10|0x0000000602400000, 0x0000000602400000, 0x0000000602600000|  0%| F|  |TAMS 0x0000000602400000, 0x0000000602400000| Untracked 
|  11|0x0000000602600000, 0x0000000602600000, 0x0000000602800000|  0%| F|  |TAMS 0x0000000602600000, 0x0000000602600000| Untracked 
|  12|0x0000000602800000, 0x0000000602800000, 0x0000000602a00000|  0%| F|  |TAMS 0x0000000602800000, 0x0000000602800000| Untracked 
|  13|0x0000000602a00000, 0x0000000602a00000, 0x0000000602c00000|  0%| F|  |TAMS 0x0000000602a00000, 0x0000000602a00000| Untracked 
|  14|0x0000000602c00000, 0x0000000602c00000, 0x0000000602e00000|  0%| F|  |TAMS 0x0000000602c00000, 0x0000000602c00000| Untracked 
|  15|0x0000000602e00000, 0x0000000602e00000, 0x0000000603000000|  0%| F|  |TAMS 0x0000000602e00000, 0x0000000602e00000| Untracked 
|  16|0x0000000603000000, 0x0000000603000000, 0x0000000603200000|  0%| F|  |TAMS 0x0000000603000000, 0x0000000603000000| Untracked 
|  17|0x0000000603200000, 0x0000000603200000, 0x0000000603400000|  0%| F|  |TAMS 0x0000000603200000, 0x0000000603200000| Untracked 
|  18|0x0000000603400000, 0x0000000603400000, 0x0000000603600000|  0%| F|  |TAMS 0x0000000603400000, 0x0000000603400000| Untracked 
|  19|0x0000000603600000, 0x0000000603600000, 0x0000000603800000|  0%| F|  |TAMS 0x0000000603600000, 0x0000000603600000| Untracked 
|  20|0x0000000603800000, 0x0000000603800000, 0x0000000603a00000|  0%| F|  |TAMS 0x0000000603800000, 0x0000000603800000| Untracked 
|  21|0x0000000603a00000, 0x0000000603a00000, 0x0000000603c00000|  0%| F|  |TAMS 0x0000000603a00000, 0x0000000603a00000| Untracked 
|  22|0x0000000603c00000, 0x0000000603c00000, 0x0000000603e00000|  0%| F|  |TAMS 0x0000000603c00000, 0x0000000603c00000| Untracked 
|  23|0x0000000603e00000, 0x0000000603e00000, 0x0000000604000000|  0%| F|  |TAMS 0x0000000603e00000, 0x0000000603e00000| Untracked 
|  24|0x0000000604000000, 0x0000000604000000, 0x0000000604200000|  0%| F|  |TAMS 0x0000000604000000, 0x0000000604000000| Untracked 
|  25|0x0000000604200000, 0x0000000604200000, 0x0000000604400000|  0%| F|  |TAMS 0x0000000604200000, 0x0000000604200000| Untracked 
|  26|0x0000000604400000, 0x0000000604400000, 0x0000000604600000|  0%| F|  |TAMS 0x0000000604400000, 0x0000000604400000| Untracked 
|  27|0x0000000604600000, 0x0000000604600000, 0x0000000604800000|  0%| F|  |TAMS 0x0000000604600000, 0x0000000604600000| Untracked 
|  28|0x0000000604800000, 0x0000000604800000, 0x0000000604a00000|  0%| F|  |TAMS 0x0000000604800000, 0x0000000604800000| Untracked 
|  29|0x0000000604a00000, 0x0000000604a00000, 0x0000000604c00000|  0%| F|  |TAMS 0x0000000604a00000, 0x0000000604a00000| Untracked 
|  30|0x0000000604c00000, 0x0000000604c00000, 0x0000000604e00000|  0%| F|  |TAMS 0x0000000604c00000, 0x0000000604c00000| Untracked 
|  31|0x0000000604e00000, 0x0000000604e00000, 0x0000000605000000|  0%| F|  |TAMS 0x0000000604e00000, 0x0000000604e00000| Untracked 
|  32|0x0000000605000000, 0x0000000605000000, 0x0000000605200000|  0%| F|  |TAMS 0x0000000605000000, 0x0000000605000000| Untracked 
|  33|0x0000000605200000, 0x0000000605200000, 0x0000000605400000|  0%| F|  |TAMS 0x0000000605200000, 0x0000000605200000| Untracked 
|  34|0x0000000605400000, 0x0000000605400000, 0x0000000605600000|  0%| F|  |TAMS 0x0000000605400000, 0x0000000605400000| Untracked 
|  35|0x0000000605600000, 0x0000000605600000, 0x0000000605800000|  0%| F|  |TAMS 0x0000000605600000, 0x0000000605600000| Untracked 
|  36|0x0000000605800000, 0x0000000605800000, 0x0000000605a00000|  0%| F|  |TAMS 0x0000000605800000, 0x0000000605800000| Untracked 
|  37|0x0000000605a00000, 0x0000000605a00000, 0x0000000605c00000|  0%| F|  |TAMS 0x0000000605a00000, 0x0000000605a00000| Untracked 
|  38|0x0000000605c00000, 0x0000000605c00000, 0x0000000605e00000|  0%| F|  |TAMS 0x0000000605c00000, 0x0000000605c00000| Untracked 
|  39|0x0000000605e00000, 0x0000000605e00000, 0x0000000606000000|  0%| F|  |TAMS 0x0000000605e00000, 0x0000000605e00000| Untracked 
|  40|0x0000000606000000, 0x0000000606000000, 0x0000000606200000|  0%| F|  |TAMS 0x0000000606000000, 0x0000000606000000| Untracked 
|  41|0x0000000606200000, 0x0000000606200000, 0x0000000606400000|  0%| F|  |TAMS 0x0000000606200000, 0x0000000606200000| Untracked 
|  42|0x0000000606400000, 0x0000000606400000, 0x0000000606600000|  0%| F|  |TAMS 0x0000000606400000, 0x0000000606400000| Untracked 
|  43|0x0000000606600000, 0x0000000606600000, 0x0000000606800000|  0%| F|  |TAMS 0x0000000606600000, 0x0000000606600000| Untracked 
|  44|0x0000000606800000, 0x0000000606800000, 0x0000000606a00000|  0%| F|  |TAMS 0x0000000606800000, 0x0000000606800000| Untracked 
|  45|0x0000000606a00000, 0x0000000606a00000, 0x0000000606c00000|  0%| F|  |TAMS 0x0000000606a00000, 0x0000000606a00000| Untracked 
|  46|0x0000000606c00000, 0x0000000606c00000, 0x0000000606e00000|  0%| F|  |TAMS 0x0000000606c00000, 0x0000000606c00000| Untracked 
|  47|0x0000000606e00000, 0x0000000606e00000, 0x0000000607000000|  0%| F|  |TAMS 0x0000000606e00000, 0x0000000606e00000| Untracked 
|  48|0x0000000607000000, 0x0000000607000000, 0x0000000607200000|  0%| F|  |TAMS 0x0000000607000000, 0x0000000607000000| Untracked 
|  49|0x0000000607200000, 0x0000000607200000, 0x0000000607400000|  0%| F|  |TAMS 0x0000000607200000, 0x0000000607200000| Untracked 
|  50|0x0000000607400000, 0x0000000607400000, 0x0000000607600000|  0%| F|  |TAMS 0x0000000607400000, 0x0000000607400000| Untracked 
|  51|0x0000000607600000, 0x0000000607600000, 0x0000000607800000|  0%| F|  |TAMS 0x0000000607600000, 0x0000000607600000| Untracked 
|  52|0x0000000607800000, 0x0000000607800000, 0x0000000607a00000|  0%| F|  |TAMS 0x0000000607800000, 0x0000000607800000| Untracked 
|  53|0x0000000607a00000, 0x0000000607a00000, 0x0000000607c00000|  0%| F|  |TAMS 0x0000000607a00000, 0x0000000607a00000| Untracked 
|  54|0x0000000607c00000, 0x0000000607c00000, 0x0000000607e00000|  0%| F|  |TAMS 0x0000000607c00000, 0x0000000607c00000| Untracked 
|  55|0x0000000607e00000, 0x0000000607e00000, 0x0000000608000000|  0%| F|  |TAMS 0x0000000607e00000, 0x0000000607e00000| Untracked 
|  56|0x0000000608000000, 0x0000000608000000, 0x0000000608200000|  0%| F|  |TAMS 0x0000000608000000, 0x0000000608000000| Untracked 
|  57|0x0000000608200000, 0x0000000608200000, 0x0000000608400000|  0%| F|  |TAMS 0x0000000608200000, 0x0000000608200000| Untracked 
|  58|0x0000000608400000, 0x0000000608400000, 0x0000000608600000|  0%| F|  |TAMS 0x0000000608400000, 0x0000000608400000| Untracked 
|  59|0x0000000608600000, 0x0000000608600000, 0x0000000608800000|  0%| F|  |TAMS 0x0000000608600000, 0x0000000608600000| Untracked 
|  60|0x0000000608800000, 0x0000000608800000, 0x0000000608a00000|  0%| F|  |TAMS 0x0000000608800000, 0x0000000608800000| Untracked 
|  61|0x0000000608a00000, 0x0000000608a00000, 0x0000000608c00000|  0%| F|  |TAMS 0x0000000608a00000, 0x0000000608a00000| Untracked 
|  62|0x0000000608c00000, 0x0000000608c00000, 0x0000000608e00000|  0%| F|  |TAMS 0x0000000608c00000, 0x0000000608c00000| Untracked 
|  63|0x0000000608e00000, 0x0000000608e00000, 0x0000000609000000|  0%| F|  |TAMS 0x0000000608e00000, 0x0000000608e00000| Untracked 
|  64|0x0000000609000000, 0x0000000609000000, 0x0000000609200000|  0%| F|  |TAMS 0x0000000609000000, 0x0000000609000000| Untracked 
|  65|0x0000000609200000, 0x0000000609200000, 0x0000000609400000|  0%| F|  |TAMS 0x0000000609200000, 0x0000000609200000| Untracked 
|  66|0x0000000609400000, 0x0000000609400000, 0x0000000609600000|  0%| F|  |TAMS 0x0000000609400000, 0x0000000609400000| Untracked 
|  67|0x0000000609600000, 0x0000000609600000, 0x0000000609800000|  0%| F|  |TAMS 0x0000000609600000, 0x0000000609600000| Untracked 
|  68|0x0000000609800000, 0x0000000609800000, 0x0000000609a00000|  0%| F|  |TAMS 0x0000000609800000, 0x0000000609800000| Untracked 
|  69|0x0000000609a00000, 0x0000000609a00000, 0x0000000609c00000|  0%| F|  |TAMS 0x0000000609a00000, 0x0000000609a00000| Untracked 
|  70|0x0000000609c00000, 0x0000000609c00000, 0x0000000609e00000|  0%| F|  |TAMS 0x0000000609c00000, 0x0000000609c00000| Untracked 
|  71|0x0000000609e00000, 0x0000000609e00000, 0x000000060a000000|  0%| F|  |TAMS 0x0000000609e00000, 0x0000000609e00000| Untracked 
|  72|0x000000060a000000, 0x000000060a000000, 0x000000060a200000|  0%| F|  |TAMS 0x000000060a000000, 0x000000060a000000| Untracked 
|  73|0x000000060a200000, 0x000000060a200000, 0x000000060a400000|  0%| F|  |TAMS 0x000000060a200000, 0x000000060a200000| Untracked 
|  74|0x000000060a400000, 0x000000060a400000, 0x000000060a600000|  0%| F|  |TAMS 0x000000060a400000, 0x000000060a400000| Untracked 
|  75|0x000000060a600000, 0x000000060a600000, 0x000000060a800000|  0%| F|  |TAMS 0x000000060a600000, 0x000000060a600000| Untracked 
|  76|0x000000060a800000, 0x000000060a800000, 0x000000060aa00000|  0%| F|  |TAMS 0x000000060a800000, 0x000000060a800000| Untracked 
|  77|0x000000060aa00000, 0x000000060aa00000, 0x000000060ac00000|  0%| F|  |TAMS 0x000000060aa00000, 0x000000060aa00000| Untracked 
|  78|0x000000060ac00000, 0x000000060ac00000, 0x000000060ae00000|  0%| F|  |TAMS 0x000000060ac00000, 0x000000060ac00000| Untracked 
|  79|0x000000060ae00000, 0x000000060ae00000, 0x000000060b000000|  0%| F|  |TAMS 0x000000060ae00000, 0x000000060ae00000| Untracked 
|  80|0x000000060b000000, 0x000000060b000000, 0x000000060b200000|  0%| F|  |TAMS 0x000000060b000000, 0x000000060b000000| Untracked 
|  81|0x000000060b200000, 0x000000060b200000, 0x000000060b400000|  0%| F|  |TAMS 0x000000060b200000, 0x000000060b200000| Untracked 
|  82|0x000000060b400000, 0x000000060b400000, 0x000000060b600000|  0%| F|  |TAMS 0x000000060b400000, 0x000000060b400000| Untracked 
|  83|0x000000060b600000, 0x000000060b600000, 0x000000060b800000|  0%| F|  |TAMS 0x000000060b600000, 0x000000060b600000| Untracked 
|  84|0x000000060b800000, 0x000000060b800000, 0x000000060ba00000|  0%| F|  |TAMS 0x000000060b800000, 0x000000060b800000| Untracked 
|  85|0x000000060ba00000, 0x000000060ba00000, 0x000000060bc00000|  0%| F|  |TAMS 0x000000060ba00000, 0x000000060ba00000| Untracked 
|  86|0x000000060bc00000, 0x000000060bc00000, 0x000000060be00000|  0%| F|  |TAMS 0x000000060bc00000, 0x000000060bc00000| Untracked 
|  87|0x000000060be00000, 0x000000060be00000, 0x000000060c000000|  0%| F|  |TAMS 0x000000060be00000, 0x000000060be00000| Untracked 
|  88|0x000000060c000000, 0x000000060c000000, 0x000000060c200000|  0%| F|  |TAMS 0x000000060c000000, 0x000000060c000000| Untracked 
|  89|0x000000060c200000, 0x000000060c200000, 0x000000060c400000|  0%| F|  |TAMS 0x000000060c200000, 0x000000060c200000| Untracked 
|  90|0x000000060c400000, 0x000000060c400000, 0x000000060c600000|  0%| F|  |TAMS 0x000000060c400000, 0x000000060c400000| Untracked 
|  91|0x000000060c600000, 0x000000060c600000, 0x000000060c800000|  0%| F|  |TAMS 0x000000060c600000, 0x000000060c600000| Untracked 
|  92|0x000000060c800000, 0x000000060c800000, 0x000000060ca00000|  0%| F|  |TAMS 0x000000060c800000, 0x000000060c800000| Untracked 
|  93|0x000000060ca00000, 0x000000060ca00000, 0x000000060cc00000|  0%| F|  |TAMS 0x000000060ca00000, 0x000000060ca00000| Untracked 
|  94|0x000000060cc00000, 0x000000060cc00000, 0x000000060ce00000|  0%| F|  |TAMS 0x000000060cc00000, 0x000000060cc00000| Untracked 
|  95|0x000000060ce00000, 0x000000060ce00000, 0x000000060d000000|  0%| F|  |TAMS 0x000000060ce00000, 0x000000060ce00000| Untracked 
|  96|0x000000060d000000, 0x000000060d000000, 0x000000060d200000|  0%| F|  |TAMS 0x000000060d000000, 0x000000060d000000| Untracked 
|  97|0x000000060d200000, 0x000000060d200000, 0x000000060d400000|  0%| F|  |TAMS 0x000000060d200000, 0x000000060d200000| Untracked 
|  98|0x000000060d400000, 0x000000060d400000, 0x000000060d600000|  0%| F|  |TAMS 0x000000060d400000, 0x000000060d400000| Untracked 
|  99|0x000000060d600000, 0x000000060d600000, 0x000000060d800000|  0%| F|  |TAMS 0x000000060d600000, 0x000000060d600000| Untracked 
| 100|0x000000060d800000, 0x000000060d800000, 0x000000060da00000|  0%| F|  |TAMS 0x000000060d800000, 0x000000060d800000| Untracked 
| 101|0x000000060da00000, 0x000000060da00000, 0x000000060dc00000|  0%| F|  |TAMS 0x000000060da00000, 0x000000060da00000| Untracked 
| 102|0x000000060dc00000, 0x000000060dc00000, 0x000000060de00000|  0%| F|  |TAMS 0x000000060dc00000, 0x000000060dc00000| Untracked 
| 103|0x000000060de00000, 0x000000060de00000, 0x000000060e000000|  0%| F|  |TAMS 0x000000060de00000, 0x000000060de00000| Untracked 
| 104|0x000000060e000000, 0x000000060e000000, 0x000000060e200000|  0%| F|  |TAMS 0x000000060e000000, 0x000000060e000000| Untracked 
| 105|0x000000060e200000, 0x000000060e200000, 0x000000060e400000|  0%| F|  |TAMS 0x000000060e200000, 0x000000060e200000| Untracked 
| 106|0x000000060e400000, 0x000000060e400000, 0x000000060e600000|  0%| F|  |TAMS 0x000000060e400000, 0x000000060e400000| Untracked 
| 107|0x000000060e600000, 0x000000060e600000, 0x000000060e800000|  0%| F|  |TAMS 0x000000060e600000, 0x000000060e600000| Untracked 
| 108|0x000000060e800000, 0x000000060e800000, 0x000000060ea00000|  0%| F|  |TAMS 0x000000060e800000, 0x000000060e800000| Untracked 
| 109|0x000000060ea00000, 0x000000060ea00000, 0x000000060ec00000|  0%| F|  |TAMS 0x000000060ea00000, 0x000000060ea00000| Untracked 
| 110|0x000000060ec00000, 0x000000060ec00000, 0x000000060ee00000|  0%| F|  |TAMS 0x000000060ec00000, 0x000000060ec00000| Untracked 
| 111|0x000000060ee00000, 0x000000060ee00000, 0x000000060f000000|  0%| F|  |TAMS 0x000000060ee00000, 0x000000060ee00000| Untracked 
| 112|0x000000060f000000, 0x000000060f000000, 0x000000060f200000|  0%| F|  |TAMS 0x000000060f000000, 0x000000060f000000| Untracked 
| 113|0x000000060f200000, 0x000000060f200000, 0x000000060f400000|  0%| F|  |TAMS 0x000000060f200000, 0x000000060f200000| Untracked 
| 114|0x000000060f400000, 0x000000060f400000, 0x000000060f600000|  0%| F|  |TAMS 0x000000060f400000, 0x000000060f400000| Untracked 
| 115|0x000000060f600000, 0x000000060f600000, 0x000000060f800000|  0%| F|  |TAMS 0x000000060f600000, 0x000000060f600000| Untracked 
| 116|0x000000060f800000, 0x000000060f800000, 0x000000060fa00000|  0%| F|  |TAMS 0x000000060f800000, 0x000000060f800000| Untracked 
| 117|0x000000060fa00000, 0x000000060fa00000, 0x000000060fc00000|  0%| F|  |TAMS 0x000000060fa00000, 0x000000060fa00000| Untracked 
| 118|0x000000060fc00000, 0x000000060fc00000, 0x000000060fe00000|  0%| F|  |TAMS 0x000000060fc00000, 0x000000060fc00000| Untracked 
| 119|0x000000060fe00000, 0x000000060fe00000, 0x0000000610000000|  0%| F|  |TAMS 0x000000060fe00000, 0x000000060fe00000| Untracked 
| 120|0x0000000610000000, 0x0000000610000000, 0x0000000610200000|  0%| F|  |TAMS 0x0000000610000000, 0x0000000610000000| Untracked 
| 121|0x0000000610200000, 0x0000000610200000, 0x0000000610400000|  0%| F|  |TAMS 0x0000000610200000, 0x0000000610200000| Untracked 
| 122|0x0000000610400000, 0x0000000610400000, 0x0000000610600000|  0%| F|  |TAMS 0x0000000610400000, 0x0000000610400000| Untracked 
| 123|0x0000000610600000, 0x0000000610600000, 0x0000000610800000|  0%| F|  |TAMS 0x0000000610600000, 0x0000000610600000| Untracked 
| 124|0x0000000610800000, 0x0000000610800000, 0x0000000610a00000|  0%| F|  |TAMS 0x0000000610800000, 0x0000000610800000| Untracked 
| 125|0x0000000610a00000, 0x0000000610a00000, 0x0000000610c00000|  0%| F|  |TAMS 0x0000000610a00000, 0x0000000610a00000| Untracked 
| 126|0x0000000610c00000, 0x0000000610c00000, 0x0000000610e00000|  0%| F|  |TAMS 0x0000000610c00000, 0x0000000610c00000| Untracked 
| 127|0x0000000610e00000, 0x0000000610e00000, 0x0000000611000000|  0%| F|  |TAMS 0x0000000610e00000, 0x0000000610e00000| Untracked 
| 128|0x0000000611000000, 0x0000000611000000, 0x0000000611200000|  0%| F|  |TAMS 0x0000000611000000, 0x0000000611000000| Untracked 
| 129|0x0000000611200000, 0x0000000611200000, 0x0000000611400000|  0%| F|  |TAMS 0x0000000611200000, 0x0000000611200000| Untracked 
| 130|0x0000000611400000, 0x0000000611400000, 0x0000000611600000|  0%| F|  |TAMS 0x0000000611400000, 0x0000000611400000| Untracked 
| 131|0x0000000611600000, 0x0000000611600000, 0x0000000611800000|  0%| F|  |TAMS 0x0000000611600000, 0x0000000611600000| Untracked 
| 132|0x0000000611800000, 0x0000000611800000, 0x0000000611a00000|  0%| F|  |TAMS 0x0000000611800000, 0x0000000611800000| Untracked 
| 133|0x0000000611a00000, 0x0000000611a00000, 0x0000000611c00000|  0%| F|  |TAMS 0x0000000611a00000, 0x0000000611a00000| Untracked 
| 134|0x0000000611c00000, 0x0000000611c00000, 0x0000000611e00000|  0%| F|  |TAMS 0x0000000611c00000, 0x0000000611c00000| Untracked 
| 135|0x0000000611e00000, 0x0000000611e00000, 0x0000000612000000|  0%| F|  |TAMS 0x0000000611e00000, 0x0000000611e00000| Untracked 
| 136|0x0000000612000000, 0x0000000612000000, 0x0000000612200000|  0%| F|  |TAMS 0x0000000612000000, 0x0000000612000000| Untracked 
| 137|0x0000000612200000, 0x0000000612200000, 0x0000000612400000|  0%| F|  |TAMS 0x0000000612200000, 0x0000000612200000| Untracked 
| 138|0x0000000612400000, 0x0000000612400000, 0x0000000612600000|  0%| F|  |TAMS 0x0000000612400000, 0x0000000612400000| Untracked 
| 139|0x0000000612600000, 0x0000000612600000, 0x0000000612800000|  0%| F|  |TAMS 0x0000000612600000, 0x0000000612600000| Untracked 
| 140|0x0000000612800000, 0x0000000612800000, 0x0000000612a00000|  0%| F|  |TAMS 0x0000000612800000, 0x0000000612800000| Untracked 
| 141|0x0000000612a00000, 0x0000000612a00000, 0x0000000612c00000|  0%| F|  |TAMS 0x0000000612a00000, 0x0000000612a00000| Untracked 
| 142|0x0000000612c00000, 0x0000000612c00000, 0x0000000612e00000|  0%| F|  |TAMS 0x0000000612c00000, 0x0000000612c00000| Untracked 
| 143|0x0000000612e00000, 0x0000000612e00000, 0x0000000613000000|  0%| F|  |TAMS 0x0000000612e00000, 0x0000000612e00000| Untracked 
| 144|0x0000000613000000, 0x0000000613000000, 0x0000000613200000|  0%| F|  |TAMS 0x0000000613000000, 0x0000000613000000| Untracked 
| 145|0x0000000613200000, 0x0000000613200000, 0x0000000613400000|  0%| F|  |TAMS 0x0000000613200000, 0x0000000613200000| Untracked 
| 146|0x0000000613400000, 0x0000000613400000, 0x0000000613600000|  0%| F|  |TAMS 0x0000000613400000, 0x0000000613400000| Untracked 
| 147|0x0000000613600000, 0x0000000613600000, 0x0000000613800000|  0%| F|  |TAMS 0x0000000613600000, 0x0000000613600000| Untracked 
| 148|0x0000000613800000, 0x0000000613800000, 0x0000000613a00000|  0%| F|  |TAMS 0x0000000613800000, 0x0000000613800000| Untracked 
| 149|0x0000000613a00000, 0x0000000613a00000, 0x0000000613c00000|  0%| F|  |TAMS 0x0000000613a00000, 0x0000000613a00000| Untracked 
| 150|0x0000000613c00000, 0x0000000613c00000, 0x0000000613e00000|  0%| F|  |TAMS 0x0000000613c00000, 0x0000000613c00000| Untracked 
| 151|0x0000000613e00000, 0x0000000613e00000, 0x0000000614000000|  0%| F|  |TAMS 0x0000000613e00000, 0x0000000613e00000| Untracked 
| 152|0x0000000614000000, 0x0000000614000000, 0x0000000614200000|  0%| F|  |TAMS 0x0000000614000000, 0x0000000614000000| Untracked 
| 153|0x0000000614200000, 0x0000000614200000, 0x0000000614400000|  0%| F|  |TAMS 0x0000000614200000, 0x0000000614200000| Untracked 
| 154|0x0000000614400000, 0x0000000614400000, 0x0000000614600000|  0%| F|  |TAMS 0x0000000614400000, 0x0000000614400000| Untracked 
| 155|0x0000000614600000, 0x0000000614600000, 0x0000000614800000|  0%| F|  |TAMS 0x0000000614600000, 0x0000000614600000| Untracked 
| 156|0x0000000614800000, 0x0000000614800000, 0x0000000614a00000|  0%| F|  |TAMS 0x0000000614800000, 0x0000000614800000| Untracked 
| 157|0x0000000614a00000, 0x0000000614a00000, 0x0000000614c00000|  0%| F|  |TAMS 0x0000000614a00000, 0x0000000614a00000| Untracked 
| 158|0x0000000614c00000, 0x0000000614c00000, 0x0000000614e00000|  0%| F|  |TAMS 0x0000000614c00000, 0x0000000614c00000| Untracked 
| 159|0x0000000614e00000, 0x0000000614e00000, 0x0000000615000000|  0%| F|  |TAMS 0x0000000614e00000, 0x0000000614e00000| Untracked 
| 160|0x0000000615000000, 0x0000000615000000, 0x0000000615200000|  0%| F|  |TAMS 0x0000000615000000, 0x0000000615000000| Untracked 
| 161|0x0000000615200000, 0x0000000615200000, 0x0000000615400000|  0%| F|  |TAMS 0x0000000615200000, 0x0000000615200000| Untracked 
| 162|0x0000000615400000, 0x0000000615400000, 0x0000000615600000|  0%| F|  |TAMS 0x0000000615400000, 0x0000000615400000| Untracked 
| 163|0x0000000615600000, 0x0000000615600000, 0x0000000615800000|  0%| F|  |TAMS 0x0000000615600000, 0x0000000615600000| Untracked 
| 164|0x0000000615800000, 0x0000000615800000, 0x0000000615a00000|  0%| F|  |TAMS 0x0000000615800000, 0x0000000615800000| Untracked 
| 165|0x0000000615a00000, 0x0000000615a00000, 0x0000000615c00000|  0%| F|  |TAMS 0x0000000615a00000, 0x0000000615a00000| Untracked 
| 166|0x0000000615c00000, 0x0000000615c00000, 0x0000000615e00000|  0%| F|  |TAMS 0x0000000615c00000, 0x0000000615c00000| Untracked 
| 167|0x0000000615e00000, 0x0000000615e00000, 0x0000000616000000|  0%| F|  |TAMS 0x0000000615e00000, 0x0000000615e00000| Untracked 
| 168|0x0000000616000000, 0x0000000616000000, 0x0000000616200000|  0%| F|  |TAMS 0x0000000616000000, 0x0000000616000000| Untracked 
| 169|0x0000000616200000, 0x0000000616200000, 0x0000000616400000|  0%| F|  |TAMS 0x0000000616200000, 0x0000000616200000| Untracked 
| 170|0x0000000616400000, 0x0000000616400000, 0x0000000616600000|  0%| F|  |TAMS 0x0000000616400000, 0x0000000616400000| Untracked 
| 171|0x0000000616600000, 0x0000000616600000, 0x0000000616800000|  0%| F|  |TAMS 0x0000000616600000, 0x0000000616600000| Untracked 
| 172|0x0000000616800000, 0x0000000616800000, 0x0000000616a00000|  0%| F|  |TAMS 0x0000000616800000, 0x0000000616800000| Untracked 
| 173|0x0000000616a00000, 0x0000000616a00000, 0x0000000616c00000|  0%| F|  |TAMS 0x0000000616a00000, 0x0000000616a00000| Untracked 
| 174|0x0000000616c00000, 0x0000000616c00000, 0x0000000616e00000|  0%| F|  |TAMS 0x0000000616c00000, 0x0000000616c00000| Untracked 
| 175|0x0000000616e00000, 0x0000000616e00000, 0x0000000617000000|  0%| F|  |TAMS 0x0000000616e00000, 0x0000000616e00000| Untracked 
| 176|0x0000000617000000, 0x0000000617000000, 0x0000000617200000|  0%| F|  |TAMS 0x0000000617000000, 0x0000000617000000| Untracked 
| 177|0x0000000617200000, 0x0000000617200000, 0x0000000617400000|  0%| F|  |TAMS 0x0000000617200000, 0x0000000617200000| Untracked 
| 178|0x0000000617400000, 0x0000000617400000, 0x0000000617600000|  0%| F|  |TAMS 0x0000000617400000, 0x0000000617400000| Untracked 
| 179|0x0000000617600000, 0x0000000617600000, 0x0000000617800000|  0%| F|  |TAMS 0x0000000617600000, 0x0000000617600000| Untracked 
| 180|0x0000000617800000, 0x0000000617800000, 0x0000000617a00000|  0%| F|  |TAMS 0x0000000617800000, 0x0000000617800000| Untracked 
| 181|0x0000000617a00000, 0x0000000617a00000, 0x0000000617c00000|  0%| F|  |TAMS 0x0000000617a00000, 0x0000000617a00000| Untracked 
| 182|0x0000000617c00000, 0x0000000617c00000, 0x0000000617e00000|  0%| F|  |TAMS 0x0000000617c00000, 0x0000000617c00000| Untracked 
| 183|0x0000000617e00000, 0x0000000617e00000, 0x0000000618000000|  0%| F|  |TAMS 0x0000000617e00000, 0x0000000617e00000| Untracked 
| 184|0x0000000618000000, 0x0000000618000000, 0x0000000618200000|  0%| F|  |TAMS 0x0000000618000000, 0x0000000618000000| Untracked 
| 185|0x0000000618200000, 0x0000000618200000, 0x0000000618400000|  0%| F|  |TAMS 0x0000000618200000, 0x0000000618200000| Untracked 
| 186|0x0000000618400000, 0x0000000618400000, 0x0000000618600000|  0%| F|  |TAMS 0x0000000618400000, 0x0000000618400000| Untracked 
| 187|0x0000000618600000, 0x0000000618600000, 0x0000000618800000|  0%| F|  |TAMS 0x0000000618600000, 0x0000000618600000| Untracked 
| 188|0x0000000618800000, 0x0000000618800000, 0x0000000618a00000|  0%| F|  |TAMS 0x0000000618800000, 0x0000000618800000| Untracked 
| 189|0x0000000618a00000, 0x0000000618a00000, 0x0000000618c00000|  0%| F|  |TAMS 0x0000000618a00000, 0x0000000618a00000| Untracked 
| 190|0x0000000618c00000, 0x0000000618c00000, 0x0000000618e00000|  0%| F|  |TAMS 0x0000000618c00000, 0x0000000618c00000| Untracked 
| 191|0x0000000618e00000, 0x0000000618e00000, 0x0000000619000000|  0%| F|  |TAMS 0x0000000618e00000, 0x0000000618e00000| Untracked 
| 192|0x0000000619000000, 0x0000000619000000, 0x0000000619200000|  0%| F|  |TAMS 0x0000000619000000, 0x0000000619000000| Untracked 
| 193|0x0000000619200000, 0x0000000619200000, 0x0000000619400000|  0%| F|  |TAMS 0x0000000619200000, 0x0000000619200000| Untracked 
| 194|0x0000000619400000, 0x0000000619400000, 0x0000000619600000|  0%| F|  |TAMS 0x0000000619400000, 0x0000000619400000| Untracked 
| 195|0x0000000619600000, 0x0000000619600000, 0x0000000619800000|  0%| F|  |TAMS 0x0000000619600000, 0x0000000619600000| Untracked 
| 196|0x0000000619800000, 0x0000000619800000, 0x0000000619a00000|  0%| F|  |TAMS 0x0000000619800000, 0x0000000619800000| Untracked 
| 197|0x0000000619a00000, 0x0000000619a00000, 0x0000000619c00000|  0%| F|  |TAMS 0x0000000619a00000, 0x0000000619a00000| Untracked 
| 198|0x0000000619c00000, 0x0000000619c00000, 0x0000000619e00000|  0%| F|  |TAMS 0x0000000619c00000, 0x0000000619c00000| Untracked 
| 199|0x0000000619e00000, 0x0000000619e00000, 0x000000061a000000|  0%| F|  |TAMS 0x0000000619e00000, 0x0000000619e00000| Untracked 
| 200|0x000000061a000000, 0x000000061a000000, 0x000000061a200000|  0%| F|  |TAMS 0x000000061a000000, 0x000000061a000000| Untracked 
| 201|0x000000061a200000, 0x000000061a200000, 0x000000061a400000|  0%| F|  |TAMS 0x000000061a200000, 0x000000061a200000| Untracked 
| 202|0x000000061a400000, 0x000000061a400000, 0x000000061a600000|  0%| F|  |TAMS 0x000000061a400000, 0x000000061a400000| Untracked 
| 203|0x000000061a600000, 0x000000061a600000, 0x000000061a800000|  0%| F|  |TAMS 0x000000061a600000, 0x000000061a600000| Untracked 
| 204|0x000000061a800000, 0x000000061a800000, 0x000000061aa00000|  0%| F|  |TAMS 0x000000061a800000, 0x000000061a800000| Untracked 
| 205|0x000000061aa00000, 0x000000061aa00000, 0x000000061ac00000|  0%| F|  |TAMS 0x000000061aa00000, 0x000000061aa00000| Untracked 
| 206|0x000000061ac00000, 0x000000061ac00000, 0x000000061ae00000|  0%| F|  |TAMS 0x000000061ac00000, 0x000000061ac00000| Untracked 
| 207|0x000000061ae00000, 0x000000061ae00000, 0x000000061b000000|  0%| F|  |TAMS 0x000000061ae00000, 0x000000061ae00000| Untracked 
| 208|0x000000061b000000, 0x000000061b000000, 0x000000061b200000|  0%| F|  |TAMS 0x000000061b000000, 0x000000061b000000| Untracked 
| 209|0x000000061b200000, 0x000000061b200000, 0x000000061b400000|  0%| F|  |TAMS 0x000000061b200000, 0x000000061b200000| Untracked 
| 210|0x000000061b400000, 0x000000061b400000, 0x000000061b600000|  0%| F|  |TAMS 0x000000061b400000, 0x000000061b400000| Untracked 
| 211|0x000000061b600000, 0x000000061b600000, 0x000000061b800000|  0%| F|  |TAMS 0x000000061b600000, 0x000000061b600000| Untracked 
| 212|0x000000061b800000, 0x000000061b800000, 0x000000061ba00000|  0%| F|  |TAMS 0x000000061b800000, 0x000000061b800000| Untracked 
| 213|0x000000061ba00000, 0x000000061ba00000, 0x000000061bc00000|  0%| F|  |TAMS 0x000000061ba00000, 0x000000061ba00000| Untracked 
| 214|0x000000061bc00000, 0x000000061bc00000, 0x000000061be00000|  0%| F|  |TAMS 0x000000061bc00000, 0x000000061bc00000| Untracked 
| 215|0x000000061be00000, 0x000000061be00000, 0x000000061c000000|  0%| F|  |TAMS 0x000000061be00000, 0x000000061be00000| Untracked 
| 216|0x000000061c000000, 0x000000061c000000, 0x000000061c200000|  0%| F|  |TAMS 0x000000061c000000, 0x000000061c000000| Untracked 
| 217|0x000000061c200000, 0x000000061c200000, 0x000000061c400000|  0%| F|  |TAMS 0x000000061c200000, 0x000000061c200000| Untracked 
| 218|0x000000061c400000, 0x000000061c400000, 0x000000061c600000|  0%| F|  |TAMS 0x000000061c400000, 0x000000061c400000| Untracked 
| 219|0x000000061c600000, 0x000000061c600000, 0x000000061c800000|  0%| F|  |TAMS 0x000000061c600000, 0x000000061c600000| Untracked 
| 220|0x000000061c800000, 0x000000061c800000, 0x000000061ca00000|  0%| F|  |TAMS 0x000000061c800000, 0x000000061c800000| Untracked 
| 221|0x000000061ca00000, 0x000000061ca00000, 0x000000061cc00000|  0%| F|  |TAMS 0x000000061ca00000, 0x000000061ca00000| Untracked 
| 222|0x000000061cc00000, 0x000000061cc00000, 0x000000061ce00000|  0%| F|  |TAMS 0x000000061cc00000, 0x000000061cc00000| Untracked 
| 223|0x000000061ce00000, 0x000000061ce00000, 0x000000061d000000|  0%| F|  |TAMS 0x000000061ce00000, 0x000000061ce00000| Untracked 
| 224|0x000000061d000000, 0x000000061d000000, 0x000000061d200000|  0%| F|  |TAMS 0x000000061d000000, 0x000000061d000000| Untracked 
| 225|0x000000061d200000, 0x000000061d200000, 0x000000061d400000|  0%| F|  |TAMS 0x000000061d200000, 0x000000061d200000| Untracked 
| 226|0x000000061d400000, 0x000000061d400000, 0x000000061d600000|  0%| F|  |TAMS 0x000000061d400000, 0x000000061d400000| Untracked 
| 227|0x000000061d600000, 0x000000061d600000, 0x000000061d800000|  0%| F|  |TAMS 0x000000061d600000, 0x000000061d600000| Untracked 
| 228|0x000000061d800000, 0x000000061d800000, 0x000000061da00000|  0%| F|  |TAMS 0x000000061d800000, 0x000000061d800000| Untracked 
| 229|0x000000061da00000, 0x000000061da00000, 0x000000061dc00000|  0%| F|  |TAMS 0x000000061da00000, 0x000000061da00000| Untracked 
| 230|0x000000061dc00000, 0x000000061dc00000, 0x000000061de00000|  0%| F|  |TAMS 0x000000061dc00000, 0x000000061dc00000| Untracked 
| 231|0x000000061de00000, 0x000000061de00000, 0x000000061e000000|  0%| F|  |TAMS 0x000000061de00000, 0x000000061de00000| Untracked 
| 232|0x000000061e000000, 0x000000061e000000, 0x000000061e200000|  0%| F|  |TAMS 0x000000061e000000, 0x000000061e000000| Untracked 
| 233|0x000000061e200000, 0x000000061e200000, 0x000000061e400000|  0%| F|  |TAMS 0x000000061e200000, 0x000000061e200000| Untracked 
| 234|0x000000061e400000, 0x000000061e400000, 0x000000061e600000|  0%| F|  |TAMS 0x000000061e400000, 0x000000061e400000| Untracked 
| 235|0x000000061e600000, 0x000000061e600000, 0x000000061e800000|  0%| F|  |TAMS 0x000000061e600000, 0x000000061e600000| Untracked 
| 236|0x000000061e800000, 0x000000061e800000, 0x000000061ea00000|  0%| F|  |TAMS 0x000000061e800000, 0x000000061e800000| Untracked 
| 237|0x000000061ea00000, 0x000000061ea00000, 0x000000061ec00000|  0%| F|  |TAMS 0x000000061ea00000, 0x000000061ea00000| Untracked 
| 238|0x000000061ec00000, 0x000000061ec00000, 0x000000061ee00000|  0%| F|  |TAMS 0x000000061ec00000, 0x000000061ec00000| Untracked 
| 239|0x000000061ee00000, 0x000000061ee00000, 0x000000061f000000|  0%| F|  |TAMS 0x000000061ee00000, 0x000000061ee00000| Untracked 
| 240|0x000000061f000000, 0x000000061f000000, 0x000000061f200000|  0%| F|  |TAMS 0x000000061f000000, 0x000000061f000000| Untracked 
| 241|0x000000061f200000, 0x000000061f200000, 0x000000061f400000|  0%| F|  |TAMS 0x000000061f200000, 0x000000061f200000| Untracked 
| 242|0x000000061f400000, 0x000000061f400000, 0x000000061f600000|  0%| F|  |TAMS 0x000000061f400000, 0x000000061f400000| Untracked 
| 243|0x000000061f600000, 0x000000061f600000, 0x000000061f800000|  0%| F|  |TAMS 0x000000061f600000, 0x000000061f600000| Untracked 
| 244|0x000000061f800000, 0x000000061f800000, 0x000000061fa00000|  0%| F|  |TAMS 0x000000061f800000, 0x000000061f800000| Untracked 
| 245|0x000000061fa00000, 0x000000061fa00000, 0x000000061fc00000|  0%| F|  |TAMS 0x000000061fa00000, 0x000000061fa00000| Untracked 
| 246|0x000000061fc00000, 0x000000061fc00000, 0x000000061fe00000|  0%| F|  |TAMS 0x000000061fc00000, 0x000000061fc00000| Untracked 
| 247|0x000000061fe00000, 0x000000061fe00000, 0x0000000620000000|  0%| F|  |TAMS 0x000000061fe00000, 0x000000061fe00000| Untracked 
| 248|0x0000000620000000, 0x0000000620000000, 0x0000000620200000|  0%| F|  |TAMS 0x0000000620000000, 0x0000000620000000| Untracked 
| 249|0x0000000620200000, 0x0000000620200000, 0x0000000620400000|  0%| F|  |TAMS 0x0000000620200000, 0x0000000620200000| Untracked 
| 250|0x0000000620400000, 0x0000000620400000, 0x0000000620600000|  0%| F|  |TAMS 0x0000000620400000, 0x0000000620400000| Untracked 
| 251|0x0000000620600000, 0x0000000620600000, 0x0000000620800000|  0%| F|  |TAMS 0x0000000620600000, 0x0000000620600000| Untracked 
| 252|0x0000000620800000, 0x0000000620800000, 0x0000000620a00000|  0%| F|  |TAMS 0x0000000620800000, 0x0000000620800000| Untracked 
| 253|0x0000000620a00000, 0x0000000620a00000, 0x0000000620c00000|  0%| F|  |TAMS 0x0000000620a00000, 0x0000000620a00000| Untracked 
| 254|0x0000000620c00000, 0x0000000620cf6460, 0x0000000620e00000| 48%| E|  |TAMS 0x0000000620c00000, 0x0000000620c00000| Complete 
| 255|0x0000000620e00000, 0x0000000621000000, 0x0000000621000000|100%| E|CS|TAMS 0x0000000620e00000, 0x0000000620e00000| Complete 

Card table byte_map: [0x00000288a7b30000,0x00000288a8b30000] _byte_map_base: 0x00000288a4b28000

Marking Bits (Prev, Next): (CMBitMap*) 0x0000028892e36668, (CMBitMap*) 0x0000028892e366a0
 Prev Bits: [0x00000288a9b30000, 0x00000288b1af0000)
 Next Bits: [0x00000288b1af0000, 0x00000288b9ab0000)

Polling page: 0x0000028891540000

Metaspace:

Usage:
  Non-class:      5.85 MB capacity,     5.77 MB ( 99%) used,    77.61 KB (  1%) free+waste,     3.56 KB ( <1%) overhead. 
      Class:    603.00 KB capacity,   566.31 KB ( 94%) used,    34.94 KB (  6%) free+waste,     1.75 KB ( <1%) overhead. 
       Both:      6.44 MB capacity,     6.32 MB ( 98%) used,   112.55 KB (  2%) free+waste,     5.31 KB ( <1%) overhead. 

Virtual space:
  Non-class space:        8.00 MB reserved,       6.00 MB ( 75%) committed 
      Class space:        1.00 GB reserved,     640.00 KB ( <1%) committed 
             Both:        1.01 GB reserved,       6.63 MB ( <1%) committed 

Chunk freelists:
   Non-Class:  25.00 KB
       Class:  5.00 KB
        Both:  30.00 KB

MaxMetaspaceSize: 17179869184.00 GB
CompressedClassSpaceSize: 1.00 GB

CodeHeap 'non-profiled nmethods': size=120000Kb used=61Kb max_used=61Kb free=119938Kb
 bounds [0x000002889e970000, 0x000002889ebe0000, 0x00000288a5ea0000]
CodeHeap 'profiled nmethods': size=120000Kb used=227Kb max_used=227Kb free=119772Kb
 bounds [0x0000028897440000, 0x00000288976b0000, 0x000002889e970000]
CodeHeap 'non-nmethods': size=5760Kb used=1060Kb max_used=1067Kb free=4700Kb
 bounds [0x0000028896ea0000, 0x0000028897110000, 0x0000028897440000]
 total_blobs=859 nmethods=191 adapters=251
 compilation: enabled
              stopped_count=0, restarted_count=0
 full_count=0

Compilation events (20 events):
Event: 0.126 Thread 0x00000288bd213800  181       3       java.lang.CharacterDataLatin1::toLowerCase (39 bytes)
Event: 0.126 Thread 0x00000288bd213800 nmethod 181 0x0000028897476290 code [0x0000028897476460, 0x00000288974766f8]
Event: 0.128 Thread 0x00000288bd213800  182       3       java.lang.String::isLatin1 (19 bytes)
Event: 0.128 Thread 0x00000288bd213800 nmethod 182 0x0000028897476810 code [0x00000288974769c0, 0x0000028897476b98]
Event: 0.129 Thread 0x00000288bd213800  183       3       java.util.AbstractMap::<init> (5 bytes)
Event: 0.129 Thread 0x00000288bd213800 nmethod 183 0x0000028897476c10 code [0x0000028897476dc0, 0x0000028897476f78]
Event: 0.131 Thread 0x00000288bd213800  184       3       java.lang.System::getSecurityManager (4 bytes)
Event: 0.131 Thread 0x00000288bd213800 nmethod 184 0x0000028897477010 code [0x00000288974771c0, 0x0000028897477318]
Event: 0.131 Thread 0x00000288bd213800  185       3       java.lang.StringLatin1::lastIndexOf (40 bytes)
Event: 0.131 Thread 0x00000288bd213800 nmethod 185 0x0000028897477390 code [0x0000028897477560, 0x0000028897477978]
Event: 0.135 Thread 0x00000288bd20e800  187       4       java.lang.StringLatin1::charAt (28 bytes)
Event: 0.135 Thread 0x00000288bd213800  186       3       java.lang.String::charAt (25 bytes)
Event: 0.135 Thread 0x00000288bd213800 nmethod 186 0x0000028897477b10 code [0x0000028897477d20, 0x00000288974782a0]
Event: 0.135 Thread 0x00000288bd20e800 nmethod 187 0x000002889e97ec10 code [0x000002889e97eda0, 0x000002889e97ee18]
Event: 0.136 Thread 0x00000288bd213800  188       1       java.lang.invoke.MethodType::ptypes (5 bytes)
Event: 0.136 Thread 0x00000288bd213800 nmethod 188 0x000002889e97ef10 code [0x000002889e97f0c0, 0x000002889e97f1d8]
Event: 0.137 Thread 0x00000288bd213800  190       3       java.lang.invoke.MethodType::parameterCount (6 bytes)
Event: 0.137 Thread 0x00000288bd213800 nmethod 190 0x0000028897478490 code [0x0000028897478640, 0x00000288974787b8]
Event: 0.137 Thread 0x00000288bd213800  191       3       java.lang.Class::getName (18 bytes)
Event: 0.137 Thread 0x00000288bd213800 nmethod 191 0x0000028897478890 code [0x0000028897478a60, 0x0000028897478c50]

GC Heap History (0 events):
No events

Deoptimization events (16 events):
Event: 0.119 Thread 0x0000028892dac800 Uncommon trap: trap_request=0xffffff4d fr.pc=0x000002889e975b78 relative=0x0000000000000058
Event: 0.119 Thread 0x0000028892dac800 Uncommon trap: reason=unstable_if action=reinterpret pc=0x000002889e975b78 method=java.lang.String.isLatin1()Z @ 10 c2
Event: 0.119 Thread 0x0000028892dac800 DEOPT PACKING pc=0x000002889e975b78 sp=0x000000d5850f9b70
Event: 0.119 Thread 0x0000028892dac800 DEOPT UNPACKING pc=0x0000028896ec91af sp=0x000000d5850f9b00 mode 2
Event: 0.122 Thread 0x0000028892dac800 Uncommon trap: trap_request=0xffffffde fr.pc=0x000002889e97dd24 relative=0x0000000000000b24
Event: 0.122 Thread 0x0000028892dac800 Uncommon trap: reason=class_check action=maybe_recompile pc=0x000002889e97dd24 method=java.util.HashMap.putVal(ILjava/lang/Object;Ljava/lang/Object;ZZ)Ljava/lang/Object; @ 152 c2
Event: 0.122 Thread 0x0000028892dac800 DEOPT PACKING pc=0x000002889e97dd24 sp=0x000000d5850f6fa0
Event: 0.122 Thread 0x0000028892dac800 DEOPT UNPACKING pc=0x0000028896ec91af sp=0x000000d5850f6f20 mode 2
Event: 0.129 Thread 0x0000028892dac800 Uncommon trap: trap_request=0xffffffde fr.pc=0x000002889e97dd24 relative=0x0000000000000b24
Event: 0.129 Thread 0x0000028892dac800 Uncommon trap: reason=class_check action=maybe_recompile pc=0x000002889e97dd24 method=java.util.HashMap.putVal(ILjava/lang/Object;Ljava/lang/Object;ZZ)Ljava/lang/Object; @ 152 c2
Event: 0.129 Thread 0x0000028892dac800 DEOPT PACKING pc=0x000002889e97dd24 sp=0x000000d5850fe5c0
Event: 0.129 Thread 0x0000028892dac800 DEOPT UNPACKING pc=0x0000028896ec91af sp=0x000000d5850fe540 mode 2
Event: 0.135 Thread 0x0000028892dac800 Uncommon trap: trap_request=0xffffff4d fr.pc=0x000002889e97ce94 relative=0x0000000000000074
Event: 0.135 Thread 0x0000028892dac800 Uncommon trap: reason=unstable_if action=reinterpret pc=0x000002889e97ce94 method=java.lang.String.isLatin1()Z @ 10 c2
Event: 0.135 Thread 0x0000028892dac800 DEOPT PACKING pc=0x000002889e97ce94 sp=0x000000d5850fee00
Event: 0.135 Thread 0x0000028892dac800 DEOPT UNPACKING pc=0x0000028896ec91af sp=0x000000d5850fed40 mode 2

Classes redefined (0 events):
No events

Internal exceptions (0 events):
No events

Events (20 events):
Event: 0.138 loading class java/net/SocksConsts
Event: 0.138 loading class java/net/SocksConsts done
Event: 0.138 loading class java/net/PlainSocketImpl
Event: 0.138 loading class java/net/AbstractPlainSocketImpl
Event: 0.138 loading class java/net/SocketImpl
Event: 0.138 loading class java/net/SocketOptions
Event: 0.138 loading class java/net/SocketOptions done
Event: 0.138 loading class java/net/SocketImpl done
Event: 0.138 loading class java/net/AbstractPlainSocketImpl done
Event: 0.138 loading class java/net/PlainSocketImpl done
Event: 0.138 loading class java/net/SocksSocketImpl done
Event: 0.138 loading class java/util/ArrayList$SubList
Event: 0.138 loading class java/net/StandardSocketOptions
Event: 0.138 loading class java/util/ArrayList$SubList done
Event: 0.138 loading class java/net/StandardSocketOptions done
Event: 0.138 loading class java/net/StandardSocketOptions$StdSocketOption
Event: 0.138 loading class java/net/SocketOption
Event: 0.138 loading class java/net/SocketOption done
Event: 0.138 loading class java/net/StandardSocketOptions$StdSocketOption done
Event: 0.138 loading class java/net/NetworkInterface


Dynamic libraries:
0x00007ff721a30000 - 0x00007ff721a3a000 	C:\Program Files\JetBrains\IntelliJ IDEA 2019.2.3\jbr\bin\java.exe
0x00007ff8a6150000 - 0x00007ff8a6346000 	C:\WINDOWS\SYSTEM32\ntdll.dll
0x00007ff8a5e00000 - 0x00007ff8a5ebd000 	C:\WINDOWS\System32\KERNEL32.DLL
0x00007ff8a3d60000 - 0x00007ff8a4028000 	C:\WINDOWS\System32\KERNELBASE.dll
0x00007ff8a3aa0000 - 0x00007ff8a3ba0000 	C:\WINDOWS\System32\ucrtbase.dll
0x00007ff88ce10000 - 0x00007ff88ce29000 	C:\Program Files\JetBrains\IntelliJ IDEA 2019.2.3\jbr\bin\jli.dll
0x00007ff894ee0000 - 0x00007ff894ef7000 	C:\Program Files\JetBrains\IntelliJ IDEA 2019.2.3\jbr\bin\VCRUNTIME140.dll
0x00007ff8a46d0000 - 0x00007ff8a4870000 	C:\WINDOWS\System32\USER32.dll
0x00007ff8a4080000 - 0x00007ff8a40a2000 	C:\WINDOWS\System32\win32u.dll
0x00007ff8953e0000 - 0x00007ff89567b000 	C:\WINDOWS\WinSxS\amd64_microsoft.windows.common-controls_6595b64144ccf1df_6.0.19041.488_none_ca04af081b815d21\COMCTL32.dll
0x00007ff8a5320000 - 0x00007ff8a534a000 	C:\WINDOWS\System32\GDI32.dll
0x00007ff8a5170000 - 0x00007ff8a520e000 	C:\WINDOWS\System32\msvcrt.dll
0x00007ff8a3c50000 - 0x00007ff8a3d59000 	C:\WINDOWS\System32\gdi32full.dll
0x00007ff8a3a00000 - 0x00007ff8a3a9d000 	C:\WINDOWS\System32\msvcp_win.dll
0x00007ff8a48f0000 - 0x00007ff8a4920000 	C:\WINDOWS\System32\IMM32.DLL
0x00007ff875da0000 - 0x00007ff875e3d000 	C:\Program Files\JetBrains\IntelliJ IDEA 2019.2.3\jbr\bin\msvcp140.dll
0x00007ff83f8c0000 - 0x00007ff84037b000 	C:\Program Files\JetBrains\IntelliJ IDEA 2019.2.3\jbr\bin\server\jvm.dll
0x00007ff8a5cb0000 - 0x00007ff8a5d5a000 	C:\WINDOWS\System32\ADVAPI32.dll
0x00007ff8a5280000 - 0x00007ff8a531b000 	C:\WINDOWS\System32\sechost.dll
0x00007ff8a5470000 - 0x00007ff8a5594000 	C:\WINDOWS\System32\RPCRT4.dll
0x00007ff8a5ec0000 - 0x00007ff8a5ec8000 	C:\WINDOWS\System32\PSAPI.DLL
0x00007ff898ad0000 - 0x00007ff898ad9000 	C:\WINDOWS\SYSTEM32\WSOCK32.dll
0x00007ff896420000 - 0x00007ff896447000 	C:\WINDOWS\SYSTEM32\WINMM.dll
0x00007ff89def0000 - 0x00007ff89defa000 	C:\WINDOWS\SYSTEM32\VERSION.dll
0x00007ff8a5210000 - 0x00007ff8a527b000 	C:\WINDOWS\System32\WS2_32.dll
0x00007ff8a16f0000 - 0x00007ff8a1702000 	C:\WINDOWS\SYSTEM32\kernel.appcore.dll
0x00007ff89f310000 - 0x00007ff89f321000 	C:\Program Files\JetBrains\IntelliJ IDEA 2019.2.3\jbr\bin\verify.dll
0x00007ff89ccc0000 - 0x00007ff89cea4000 	C:\WINDOWS\SYSTEM32\DBGHELP.DLL
0x00007ff89cba0000 - 0x00007ff89cbcc000 	C:\WINDOWS\SYSTEM32\dbgcore.DLL
0x00007ff8a4110000 - 0x00007ff8a418f000 	C:\WINDOWS\System32\bcryptPrimitives.dll
0x00007ff8985e0000 - 0x00007ff898609000 	C:\Program Files\JetBrains\IntelliJ IDEA 2019.2.3\jbr\bin\java.dll
0x00007ff89f1a0000 - 0x00007ff89f1af000 	C:\Program Files\JetBrains\IntelliJ IDEA 2019.2.3\jbr\bin\instrument.dll
0x00007ff89f180000 - 0x00007ff89f198000 	C:\Program Files\JetBrains\IntelliJ IDEA 2019.2.3\jbr\bin\zip.dll
0x00007ff89ea90000 - 0x00007ff89ea9b000 	C:\Program Files\JetBrains\IntelliJ IDEA 2019.2.3\jbr\bin\jimage.dll
0x00007ff8a4980000 - 0x00007ff8a50c0000 	C:\WINDOWS\System32\SHELL32.dll
0x00007ff8a19d0000 - 0x00007ff8a2164000 	C:\WINDOWS\SYSTEM32\windows.storage.dll
0x00007ff8a4290000 - 0x00007ff8a45e5000 	C:\WINDOWS\System32\combase.dll
0x00007ff8a3240000 - 0x00007ff8a326c000 	C:\WINDOWS\SYSTEM32\Wldp.dll
0x00007ff8a5ad0000 - 0x00007ff8a5b7e000 	C:\WINDOWS\System32\SHCORE.dll
0x00007ff8a5a10000 - 0x00007ff8a5a65000 	C:\WINDOWS\System32\shlwapi.dll
0x00007ff8a37d0000 - 0x00007ff8a37f6000 	C:\WINDOWS\SYSTEM32\profapi.dll
0x00007ff898630000 - 0x00007ff89864a000 	C:\Program Files\JetBrains\IntelliJ IDEA 2019.2.3\jbr\bin\net.dll
0x00007ff89b070000 - 0x00007ff89b170000 	C:\WINDOWS\SYSTEM32\WINHTTP.dll
0x00007ff8a3030000 - 0x00007ff8a309a000 	C:\WINDOWS\system32\mswsock.dll
0x00007ff8985c0000 - 0x00007ff8985d4000 	C:\Program Files\JetBrains\IntelliJ IDEA 2019.2.3\jbr\bin\nio.dll
0x00007ff88cd20000 - 0x00007ff88cd3a000 	C:\Program Files\JetBrains\IntelliJ IDEA 2019.2.3\bin\breakgen64.dll

dbghelp: loaded successfully - version: 4.0.5 - missing functions: none
symbol engine: initialized successfully - sym options: 0x614 - pdb path: .;C:\Program Files\JetBrains\IntelliJ IDEA 2019.2.3\jbr\bin;C:\WINDOWS\SYSTEM32;C:\WINDOWS\WinSxS\amd64_microsoft.windows.common-controls_6595b64144ccf1df_6.0.19041.488_none_ca04af081b815d21;C:\Program Files\JetBrains\IntelliJ IDEA 2019.2.3\jbr\bin\server;C:\Program Files\JetBrains\IntelliJ IDEA 2019.2.3\bin

VM Arguments:
jvm_args: -javaagent:C:\Program Files\JetBrains\IntelliJ IDEA 2019.2.3\lib\idea_rt.jar=64314:C:\Program Files\JetBrains\IntelliJ IDEA 2019.2.3\bin -Dfile.encoding=UTF-8 
java_command: Main
java_class_path (initial): C:\Users\caxerx\Downloads\untitled1\out\production\untitled1
Launcher Type: SUN_STANDARD

[Global flags]
     intx CICompilerCount                          = 4                                         {product} {ergonomic}
     uint ConcGCThreads                            = 3                                         {product} {ergonomic}
     uint G1ConcRefinementThreads                  = 10                                        {product} {ergonomic}
   size_t G1HeapRegionSize                         = 2097152                                   {product} {ergonomic}
    uintx GCDrainStackTargetSize                   = 64                                        {product} {ergonomic}
   size_t InitialHeapSize                          = 536870912                                 {product} {ergonomic}
   size_t MarkStackSize                            = 4194304                                   {product} {ergonomic}
   size_t MaxHeapSize                              = 8573157376                                {product} {ergonomic}
   size_t MaxNewSize                               = 5142216704                                {product} {ergonomic}
   size_t MinHeapDeltaBytes                        = 2097152                                   {product} {ergonomic}
    uintx NonNMethodCodeHeapSize                   = 5836300                                {pd product} {ergonomic}
    uintx NonProfiledCodeHeapSize                  = 122910970                              {pd product} {ergonomic}
    uintx ProfiledCodeHeapSize                     = 122910970                              {pd product} {ergonomic}
    uintx ReservedCodeCacheSize                    = 251658240                              {pd product} {ergonomic}
     bool SegmentedCodeCache                       = true                                      {product} {ergonomic}
     bool UseCompressedClassPointers               = true                                 {lp64_product} {ergonomic}
     bool UseCompressedOops                        = true                                 {lp64_product} {ergonomic}
     bool UseG1GC                                  = true                                      {product} {ergonomic}
     bool UseLargePagesIndividualAllocation        = false                                  {pd product} {ergonomic}

Logging:
Log output configuration:
 #0: stdout all=warning uptime,level,tags
 #1: stderr all=off uptime,level,tags

Environment Variables:
PATH=C:\Program Files (x86)\Common Files\Oracle\Java\javapath;C:\Windows\system32;C:\Windows;C:\Windows\System32\Wbem;C:\Windows\System32\WindowsPowerShell\v1.0\;C:\Windows\System32\OpenSSH\;C:\Program Files\NVIDIA Corporation\NVIDIA NvDLISR;C:\Program Files (x86)\NVIDIA Corporation\PhysX\Common;C:\Program Files\Git\cmd;C:\Program Files (x86)\Yarn\bin\;C:\ProgramData\chocolatey\bin;C:\Program Files\dotnet\;C:\Program Files\Microsoft SQL Server\Client SDK\ODBC\170\Tools\Binn\;C:\Program Files\Microsoft SQL Server\Client SDK\ODBC\130\Tools\Binn\;C:\Program Files (x86)\Microsoft SQL Server\150\DTS\Binn\;C:\Program Files\Microsoft SQL Server\130\Tools\Binn\;C:\Program Files\R\R-3.6.2\bin;C:\WINDOWS\system32;C:\WINDOWS;C:\WINDOWS\System32\Wbem;C:\WINDOWS\System32\WindowsPowerShell\v1.0\;C:\WINDOWS\System32\OpenSSH\;C:\Program Files\CMake\bin;C:\Program Files\nodejs\;C:\ProgramData\chocolatey\lib\lua52\tools;C:\Program Files (x86)\Lua\5.1;C:\Program Files (x86)\Lua\5.1\clibs;C:\Program Files\Docker\Docker\resources\bin;C:\ProgramData\DockerDesktop\version-bin;C:\Users\caxerx\AppData\Local\Programs\Python\Python38\Scripts\;C:\Users\caxerx\AppData\Local\Programs\Python\Python38\;C:\Users\caxerx\.cargo\bin;C:\Users\caxerx\AppData\Local\Microsoft\WindowsApps;C:\Users\caxerx\AppData\Local\Programs\Microsoft VS Code\bin;C:\Users\caxerx\AppData\Local\Yarn\bin;C:\Users\caxerx\.dotnet\tools;C:\Users\caxerx\AppData\Local\Programs\Fiddler;C:\flutter\bin;C:\ffmpeg;C:\Users\caxerx\AppData\Local\Microsoft\WindowsApps;C:\Users\caxerx\Desktop\platform-tools;C:\Program Files (x86)\GnuWin32\bin;C:\Users\caxerx\vcpkg;C:\Users\caxerx\td\build\Release;C:\Users\caxerx\AppData\Roaming\npm
USERNAME=caxerx
OS=Windows_NT
PROCESSOR_IDENTIFIER=AMD64 Family 23 Model 113 Stepping 0, AuthenticAMD



---------------  S Y S T E M  ---------------

OS: Windows 10 , 64 bit Build 19041 (10.0.19041.541)
OS uptime: 9 days 12:01 hours
HyperV virtualization detected

CPU:total 12 (initial active 12) (12 cores per cpu, 2 threads per core) family 23 model 113 stepping 0, cmov, cx8, fxsr, mmx, sse, sse2, sse3, ssse3, sse4.1, sse4.2, popcnt, avx, avx2, aes, clmul, mmxext, 3dnowpref, lzcnt, sse4a, ht, tsc, tscinvbit, tscinv, bmi1, bmi2, adx, sha, fma

Memory: 4k page, system-wide physical 32701M (15181M free)
TotalPageFile size 42941M (AvailPageFile size 9461M)
current process WorkingSet (physical memory assigned to process): 56M, peak: 56M
current process commit charge ("private bytes"): 612M, peak: 612M

vm_info: OpenJDK 64-Bit Server VM (11.0.7+10-b765.65) for windows-amd64 JRE (11.0.7+10-b765.65), built on Jul 13 2020 15:36:30 by "" with MS VC++ 14.0 (VS2015)

END.
